<?xml version="1.0" encoding="utf-8"?><testsuites name="pytest tests"><testsuite name="pytest" errors="0" failures="0" skipped="1" tests="608" time="87.034" timestamp="2026-08-03T01:27:39.147598+03:00" hostname="AmitDesktop"><testcase classname="" name="tests.test_live_gui_role_filtering" time="0.000"><skipped message="collection skipped">('D:\\studies\\AI_Agent_Orchestration_Course\\submission_project\\vibecode-cop\\tests\\test_live_gui_role_filtering.py', 7, "Skipped: could not import 'fastapi': No module named 'fastapi'")</skipped></testcase><testcase classname="tests.test_commit_payload_required_fields.TestCommitmentPayloadFields" name="test_create_commitment_includes_gamelet" time="0.002" /><testcase classname="tests.test_commit_payload_required_fields.TestCommitmentPayloadFields" name="test_verify_commitment_requires_matching_gamelet" time="0.001" /><testcase classname="tests.test_commit_payload_required_fields.TestCommitmentPayloadFields" name="test_wrong_gamelet_fails_verification" time="0.001" /><testcase classname="tests.test_commit_payload_required_fields.TestCommitmentPayloadFields" name="test_default_gamelet_is_1" time="0.001" /><testcase classname="tests.test_commit_payload_required_fields.TestCommitmentPayloadFields" name="test_all_required_fields_present_in_payload" time="0.001" /><testcase classname="tests.test_commitment_mismatch_technical_loss.TestTechnicalLossOnAuditFailure" name="test_audit_failure_sets_technical_loss" time="0.018" /><testcase classname="tests.test_commitment_mismatch_technical_loss.TestTechnicalLossOnAuditFailure" name="test_audit_ok_preserves_original_winner" time="0.007" /><testcase classname="tests.test_compliance" name="test_orchestrator_observation_has_no_opponent_position" time="0.001" /><testcase classname="tests.test_compliance" name="test_orchestrator_observation_thief_has_no_opponent_position" time="0.001" /><testcase classname="tests.test_compliance" name="test_scent_accumulates_after_moves" time="0.001" /><testcase classname="tests.test_compliance" name="test_scent_decays_when_thief_moves_away" time="0.002" /><testcase classname="tests.test_compliance" name="test_fresh_snapshot_unchanged_for_rl" time="0.001" /><testcase classname="tests.test_compliance" name="test_rules_engine_respects_max_turns_param" time="0.001" /><testcase classname="tests.test_compliance" name="test_rules_engine_enforces_minimum_35_turns" time="0.001" /><testcase classname="tests.test_compliance" name="test_shared_config_has_required_sections" time="0.002" /><testcase classname="tests.test_compliance" name="test_shared_config_no_private_sections" time="0.001" /><testcase classname="tests.test_compliance" name="test_shared_config_barrier_quota_minimum" time="0.002" /><testcase classname="tests.test_compliance" name="test_shared_config_max_turns_minimum" time="0.002" /><testcase classname="tests.test_compliance" name="test_shared_config_scent_fixed_values" time="0.002" /><testcase classname="tests.test_compliance" name="test_gmail_auth_scope_send_only" time="0.001" /><testcase classname="tests.test_cop_rl_scent_field.TestCopObservationHiddenInfo" name="test_cop_obs_has_no_thief_one_hot_channel" time="0.001" /><testcase classname="tests.test_cop_rl_scent_field.TestCopObservationHiddenInfo" name="test_cop_obs_channel_0_is_cop_position" time="0.001" /><testcase classname="tests.test_cop_rl_scent_field.TestCopObservationHiddenInfo" name="test_cop_obs_scent_field_is_not_thief_one_hot" time="0.001" /><testcase classname="tests.test_cop_rl_scent_field.TestCopObservationHiddenInfo" name="test_cop_obs_scent_centered_on_thief" time="0.001" /><testcase classname="tests.test_cop_rl_scent_field.TestCopObservationHiddenInfo" name="test_cop_rl_policy_uses_cop_observation" time="2.267" /><testcase classname="tests.test_crewai_rl_game.TestRLModelLoad" name="test_cop_rl_policy_loads" time="0.012" /><testcase classname="tests.test_crewai_rl_game.TestRLModelLoad" name="test_thief_rl_policy_loads" time="0.007" /><testcase classname="tests.test_crewai_rl_game.TestRLModelLoad" name="test_cop_rl_selects_valid_move" time="0.005" /><testcase classname="tests.test_crewai_rl_game.TestRLModelLoad" name="test_thief_rl_selects_valid_move" time="0.002" /><testcase classname="tests.test_crewai_rl_game.TestCrewAIConstruction" name="test_crew_created_with_mock_llm" time="0.007" /><testcase classname="tests.test_crewai_rl_game.TestCrewAIConstruction" name="test_crew_cached_per_game" time="0.006" /><testcase classname="tests.test_crewai_rl_game.TestCrewAIConstruction" name="test_crew_raises_without_llm" time="0.005" /><testcase classname="tests.test_crewai_rl_game.TestCrewAIConstruction" name="test_select_move_rl_uses_policy" time="0.005" /><testcase classname="tests.test_crewai_rl_game.TestSelectMove" name="test_select_move_returns_rl_move" time="0.005" /><testcase classname="tests.test_crewai_rl_game.TestSelectMove" name="test_select_move_llm_fallback_on_rl_failure" time="0.006" /><testcase classname="tests.test_crewai_rl_game.TestSelectMove" name="test_select_move_heuristic_fallback" time="0.005" /><testcase classname="tests.test_crewai_rl_game.TestSelectMove" name="test_select_move_llm_called_on_cadence" time="0.007" /><testcase classname="tests.test_crewai_rl_game.TestFullGameWithCrewAIAndRL" name="test_full_game_cop_rl_crew_initialized" time="2.629" /><testcase classname="tests.test_crewai_rl_game.TestFullGameWithCrewAIAndRL" name="test_full_game_thief_rl_crew_initialized" time="2.589" /><testcase classname="tests.test_crewai_rl_game.TestFullGameWithCrewAIAndRL" name="test_full_game_with_llm_cadence" time="2.617" /><testcase classname="tests.test_crewai_rl_game.TestFullGameWithCrewAIAndRL" name="test_full_game_result_files_written" time="2.635" /><testcase classname="tests.test_declaration_required_fields.TestDeclarationRequiredFields" name="test_declaration_has_game_id" time="0.129" /><testcase classname="tests.test_declaration_required_fields.TestDeclarationRequiredFields" name="test_declaration_has_git_commit" time="0.115" /><testcase classname="tests.test_declaration_required_fields.TestDeclarationRequiredFields" name="test_declaration_has_hardware_section" time="0.104" /><testcase classname="tests.test_declaration_required_fields.TestDeclarationRequiredFields" name="test_declaration_has_gamelet_field" time="0.121" /><testcase classname="tests.test_declaration_required_fields.TestDeclarationRequiredFields" name="test_declaration_has_ram_in_hardware" time="0.109" /><testcase classname="tests.test_declaration_required_fields.TestDeclarationRequiredFields" name="test_declaration_has_config_sha256" time="0.119" /><testcase classname="tests.test_declaration_required_fields.TestDeclarationRequiredFields" name="test_config_file_uses_gamelet_in_name" time="0.111" /><testcase classname="tests.test_game_series_six_gamelets.TestGameSeriesSixGamelets" name="test_runs_six_gamelets" time="0.005" /><testcase classname="tests.test_game_series_six_gamelets.TestGameSeriesSixGamelets" name="test_gamelet_labels_are_g01_through_g06" time="0.006" /><testcase classname="tests.test_game_series_six_gamelets.TestGameSeriesSixGamelets" name="test_cop_win_scores_accumulate" time="0.007" /><testcase classname="tests.test_game_series_six_gamelets.TestGameSeriesSixGamelets" name="test_thief_win_scores_accumulate" time="0.006" /><testcase classname="tests.test_game_series_six_gamelets.TestGameSeriesSixGamelets" name="test_technical_loss_gives_zero_pts" time="0.006" /><testcase classname="tests.test_game_series_six_gamelets.TestGameSeriesSixGamelets" name="test_series_tie_when_scores_equal" time="0.007" /><testcase classname="tests.test_game_series_six_gamelets.TestGameSeriesSixGamelets" name="test_series_result_file_written" time="0.006" /><testcase classname="tests.test_gmail_config_driven.TestGmailRecipientConfigDriven" name="test_gmail_recipient_comes_from_config" time="0.003" /><testcase classname="tests.test_gmail_config_driven.TestGmailRecipientConfigDriven" name="test_gmail_mode_comes_from_config" time="0.002" /><testcase classname="tests.test_gmail_config_driven.TestGmailRecipientConfigDriven" name="test_gmail_plugin_not_loaded_when_disabled" time="0.002" /><testcase classname="tests.test_gmail_config_driven.TestGmailRecipientConfigDriven" name="test_gmail_default_recipient_is_not_hardcoded_example" time="0.004" /><testcase classname="tests.test_gmail_config_driven.TestGmailRecipientConfigDriven" name="test_multiple_plugins_loaded_from_config" time="0.002" /><testcase classname="tests.test_mcp_and_peer_agents.TestValidateStartGameMessage" name="test_valid_returns_true" time="0.001" /><testcase classname="tests.test_mcp_and_peer_agents.TestValidateStartGameMessage" name="test_missing_game_id" time="0.001" /><testcase classname="tests.test_mcp_and_peer_agents.TestValidateStartGameMessage" name="test_missing_roles" time="0.002" /><testcase classname="tests.test_mcp_and_peer_agents.TestValidateStartGameMessage" name="test_roles_missing_cop" time="0.001" /><testcase classname="tests.test_mcp_and_peer_agents.TestValidateStartGameMessage" name="test_bad_config_sha256_length" time="0.001" /><testcase classname="tests.test_mcp_and_peer_agents.TestValidateStartGameMessage" name="test_wrong_protocol_version" time="0.001" /><testcase classname="tests.test_mcp_and_peer_agents.TestValidateStartGameMessage" name="test_bad_endpoint" time="0.001" /><testcase classname="tests.test_mcp_and_peer_agents.TestValidateStartGameMessage" name="test_endpoint_not_http" time="0.001" /><testcase classname="tests.test_mcp_and_peer_agents.TestValidateStartGameMessage" name="test_missing_timestamp" time="0.001" /><testcase classname="tests.test_mcp_and_peer_agents.TestValidateActionMessage" name="test_valid_commit" time="0.001" /><testcase classname="tests.test_mcp_and_peer_agents.TestValidateActionMessage" name="test_missing_game_id" time="0.001" /><testcase classname="tests.test_mcp_and_peer_agents.TestValidateActionMessage" name="test_negative_step" time="0.001" /><testcase classname="tests.test_mcp_and_peer_agents.TestValidateActionMessage" name="test_bad_role" time="0.001" /><testcase classname="tests.test_mcp_and_peer_agents.TestValidateActionMessage" name="test_bad_config_sha256" time="0.001" /><testcase classname="tests.test_mcp_and_peer_agents.TestValidateActionMessage" name="test_missing_timestamp" time="0.001" /><testcase classname="tests.test_mcp_and_peer_agents.TestValidateActionMessage" name="test_invalid_phase" time="0.001" /><testcase classname="tests.test_mcp_and_peer_agents.TestValidateActionMessage" name="test_commit_with_bad_h_commit_length" time="0.001" /><testcase classname="tests.test_mcp_and_peer_agents.TestValidateActionMessage" name="test_commit_with_no_h_commit_is_valid" time="0.001" /><testcase classname="tests.test_mcp_and_peer_agents.TestValidateActionMessage" name="test_ack_requires_h_commit_ack" time="0.001" /><testcase classname="tests.test_mcp_and_peer_agents.TestValidateActionMessage" name="test_ack_with_h_commit_ack_is_valid" time="0.001" /><testcase classname="tests.test_mcp_and_peer_agents.TestValidateActionMessage" name="test_reveal_valid_move" time="0.001" /><testcase classname="tests.test_mcp_and_peer_agents.TestValidateActionMessage" name="test_reveal_invalid_move" time="0.001" /><testcase classname="tests.test_mcp_and_peer_agents.TestValidateActionMessage" name="test_reveal_invalid_intent" time="0.001" /><testcase classname="tests.test_mcp_and_peer_agents.TestValidateActionMessage" name="test_reveal_hint_too_long" time="0.001" /><testcase classname="tests.test_mcp_and_peer_agents.TestValidateActionMessage" name="test_reveal_bad_state_hash" time="0.002" /><testcase classname="tests.test_mcp_and_peer_agents.TestValidateActionMessage" name="test_final_audit_nonces_not_dict" time="0.001" /><testcase classname="tests.test_mcp_and_peer_agents.TestValidateActionMessage" name="test_final_audit_with_dict_nonces" time="0.001" /><testcase classname="tests.test_mcp_and_peer_agents.TestValidateActionMessage" name="test_abort_requires_reason" time="0.001" /><testcase classname="tests.test_mcp_and_peer_agents.TestValidateActionMessage" name="test_abort_with_reason" time="0.002" /><testcase classname="tests.test_mcp_and_peer_agents.TestValidateActionMessage" name="test_game_end_with_reason_is_valid" time="0.001" /><testcase classname="tests.test_mcp_and_peer_agents.TestValidateActionMessage" name="test_role_initiator_is_valid" time="0.002" /><testcase classname="tests.test_mcp_and_peer_agents.TestActionMessageDataclass" name="test_from_json_round_trip" time="0.001" /><testcase classname="tests.test_mcp_and_peer_agents.TestActionMessageDataclass" name="test_to_dict_excludes_none_fields" time="0.001" /><testcase classname="tests.test_mcp_and_peer_agents.TestActionMessageDataclass" name="test_to_dict_includes_set_fields" time="0.001" /><testcase classname="tests.test_mcp_and_peer_agents.TestActionMessageDataclass" name="test_from_json_parses_correctly" time="0.002" /><testcase classname="tests.test_mcp_and_peer_agents.TestActionMessageDataclass" name="test_from_json_ignores_unknown_fields" time="0.002" /><testcase classname="tests.test_mcp_and_peer_agents.TestActionMessageDataclass" name="test_from_json_raises_on_bad_json" time="0.001" /><testcase classname="tests.test_mcp_and_peer_agents.TestActionMessageDataclass" name="test_from_json_raises_on_missing_required" time="0.001" /><testcase classname="tests.test_mcp_and_peer_agents.TestStartGameMessageDataclass" name="test_to_dict_basic" time="0.001" /><testcase classname="tests.test_mcp_and_peer_agents.TestStartGameMessageDataclass" name="test_to_dict_with_peer_url" time="0.001" /><testcase classname="tests.test_mcp_and_peer_agents.TestStartGameMessageDataclass" name="test_from_json_round_trip" time="0.002" /><testcase classname="tests.test_mcp_and_peer_agents.TestStartGameMessageDataclass" name="test_from_json_ignores_unknown" time="0.001" /><testcase classname="tests.test_mcp_and_peer_agents.TestStartGameMessageDataclass" name="test_from_json_bad_json_raises" time="0.001" /><testcase classname="tests.test_mcp_and_peer_agents.TestProtocolStateMachine" name="test_initial_state" time="0.001" /><testcase classname="tests.test_mcp_and_peer_agents.TestProtocolStateMachine" name="test_transition_idle_to_commit" time="0.001" /><testcase classname="tests.test_mcp_and_peer_agents.TestProtocolStateMachine" name="test_can_transition_true" time="0.002" /><testcase classname="tests.test_mcp_and_peer_agents.TestProtocolStateMachine" name="test_can_transition_false_illegal" time="0.001" /><testcase classname="tests.test_mcp_and_peer_agents.TestProtocolStateMachine" name="test_transition_raises_on_illegal" time="0.001" /><testcase classname="tests.test_mcp_and_peer_agents.TestProtocolStateMachine" name="test_transition_commit_to_ack_moves_to_playing" time="0.001" /><testcase classname="tests.test_mcp_and_peer_agents.TestProtocolStateMachine" name="test_advance_step" time="0.002" /><testcase classname="tests.test_mcp_and_peer_agents.TestProtocolStateMachine" name="test_to_dict" time="0.002" /><testcase classname="tests.test_mcp_and_peer_agents.TestProtocolStateMachine" name="test_from_dict" time="0.001" /><testcase classname="tests.test_mcp_and_peer_agents.TestProtocolStateMachine" name="test_from_dict_no_phase" time="0.001" /><testcase classname="tests.test_mcp_and_peer_agents.TestProtocolStateMachine" name="test_transition_to_final_audit" time="0.002" /><testcase classname="tests.test_mcp_and_peer_agents.TestStepPhaseTracker" name="test_mark_and_check_phase" time="0.002" /><testcase classname="tests.test_mcp_and_peer_agents.TestStepPhaseTracker" name="test_both_at_phase_false_when_only_one_marked" time="0.002" /><testcase classname="tests.test_mcp_and_peer_agents.TestStepPhaseTracker" name="test_both_at_phase_false_for_missing_step" time="0.001" /><testcase classname="tests.test_mcp_and_peer_agents.TestStepPhaseTracker" name="test_to_dict" time="0.001" /><testcase classname="tests.test_mcp_and_peer_agents.TestStepPhaseTracker" name="test_mark_creates_step_entry" time="0.001" /><testcase classname="tests.test_mcp_and_peer_agents.TestGameLog" name="test_append_creates_event" time="0.004" /><testcase classname="tests.test_mcp_and_peer_agents.TestGameLog" name="test_append_with_error_status" time="0.003" /><testcase classname="tests.test_mcp_and_peer_agents.TestGameLog" name="test_append_message_received" time="0.002" /><testcase classname="tests.test_mcp_and_peer_agents.TestGameLog" name="test_append_message_received_invalid" time="0.004" /><testcase classname="tests.test_mcp_and_peer_agents.TestGameLog" name="test_append_message_sent" time="0.003" /><testcase classname="tests.test_mcp_and_peer_agents.TestGameLog" name="test_append_commit" time="0.003" /><testcase classname="tests.test_mcp_and_peer_agents.TestGameLog" name="test_append_reveal" time="0.004" /><testcase classname="tests.test_mcp_and_peer_agents.TestGameLog" name="test_append_commitment_verified_ok" time="0.004" /><testcase classname="tests.test_mcp_and_peer_agents.TestGameLog" name="test_append_commitment_verified_fail" time="0.004" /><testcase classname="tests.test_mcp_and_peer_agents.TestGameLog" name="test_append_error" time="0.005" /><testcase classname="tests.test_mcp_and_peer_agents.TestGameLog" name="test_get_events_by_phase" time="0.004" /><testcase classname="tests.test_mcp_and_peer_agents.TestGameLog" name="test_log_written_to_file" time="0.004" /><testcase classname="tests.test_mcp_and_peer_agents.TestLogReplay" name="test_load_from_file_returns_events" time="0.003" /><testcase classname="tests.test_mcp_and_peer_agents.TestLogReplay" name="test_load_from_file_missing_file" time="0.002" /><testcase classname="tests.test_mcp_and_peer_agents.TestLogReplay" name="test_load_from_file_skips_blank_lines" time="0.004" /><testcase classname="tests.test_mcp_and_peer_agents.TestLogReplay" name="test_canonical_json_sorts_keys" time="0.008" /><testcase classname="tests.test_mcp_and_peer_agents.TestLogReplay" name="test_sha256_of_file" time="0.003" /><testcase classname="tests.test_mcp_and_peer_agents.TestLogReplay" name="test_sha256_of_json" time="0.002" /><testcase classname="tests.test_mcp_and_peer_agents.TestLogReplay" name="test_verify_log_integrity_missing_file" time="0.003" /><testcase classname="tests.test_mcp_and_peer_agents.TestLogReplay" name="test_verify_log_integrity_no_expected_hash" time="0.003" /><testcase classname="tests.test_mcp_and_peer_agents.TestLogReplay" name="test_verify_log_integrity_matching_hash" time="0.003" /><testcase classname="tests.test_mcp_and_peer_agents.TestLogReplay" name="test_verify_log_integrity_wrong_hash" time="0.004" /><testcase classname="tests.test_mcp_and_peer_agents.TestLogReplay" name="test_load_log_json" time="0.003" /><testcase classname="tests.test_mcp_and_peer_agents.TestLogReplay" name="test_audit_log_commitments_empty_entries" time="0.001" /><testcase classname="tests.test_mcp_and_peer_agents.TestProtocolDiscovery" name="test_init" time="0.002" /><testcase classname="tests.test_mcp_and_peer_agents.TestProtocolDiscovery" name="test_get_tool_names_empty" time="0.001" /><testcase classname="tests.test_mcp_and_peer_agents.TestProtocolDiscovery" name="test_has_tool_false" time="0.001" /><testcase classname="tests.test_mcp_and_peer_agents.TestProtocolDiscovery" name="test_get_tool_schema_none" time="0.001" /><testcase classname="tests.test_mcp_and_peer_agents.TestProtocolDiscovery" name="test_validate_protocol_missing" time="0.001" /><testcase classname="tests.test_mcp_and_peer_agents.TestProtocolDiscovery" name="test_validate_protocol_all_present" time="0.002" /><testcase classname="tests.test_mcp_and_peer_agents.TestProtocolDiscovery" name="test_to_dict" time="0.001" /><testcase classname="tests.test_mcp_and_peer_agents.TestProtocolDiscovery" name="test_has_tool_true_after_adding" time="0.001" /><testcase classname="tests.test_mcp_and_peer_agents.TestProtocolDiscovery" name="test_sse_url_construction" time="0.001" /><testcase classname="tests.test_mcp_and_peer_agents.TestProtocolDiscovery" name="test_discover_returns_false_on_exception" time="0.005" /><testcase classname="tests.test_mcp_and_peer_agents.TestAgentMCPServer" name="test_init" time="0.027" /><testcase classname="tests.test_mcp_and_peer_agents.TestAgentMCPServer" name="test_get_game_log_none" time="0.016" /><testcase classname="tests.test_mcp_and_peer_agents.TestAgentMCPServer" name="test_get_game_log_returns_log" time="0.026" /><testcase classname="tests.test_mcp_and_peer_agents.TestAgentMCPServer" name="test_init_with_callbacks" time="0.011" /><testcase classname="tests.test_mcp_and_peer_agents.TestAgentMCPServer" name="test_warning_on_dev_secret" time="0.012" /><testcase classname="tests.test_mcp_and_peer_agents.TestServerHandlers" name="test_handle_start_game_success" time="0.005" /><testcase classname="tests.test_mcp_and_peer_agents.TestServerHandlers" name="test_handle_start_game_bad_signature" time="0.005" /><testcase classname="tests.test_mcp_and_peer_agents.TestServerHandlers" name="test_handle_start_game_config_mismatch" time="0.004" /><testcase classname="tests.test_mcp_and_peer_agents.TestServerHandlers" name="test_handle_start_game_with_callback" time="0.003" /><testcase classname="tests.test_mcp_and_peer_agents.TestServerHandlers" name="test_handle_start_game_bad_json" time="0.012" /><testcase classname="tests.test_mcp_and_peer_agents.TestServerHandlers" name="test_handle_action_success" time="0.005" /><testcase classname="tests.test_mcp_and_peer_agents.TestServerHandlers" name="test_handle_action_bad_signature" time="0.003" /><testcase classname="tests.test_mcp_and_peer_agents.TestServerHandlers" name="test_handle_action_config_mismatch" time="0.004" /><testcase classname="tests.test_mcp_and_peer_agents.TestServerHandlers" name="test_handle_action_with_on_action_callback" time="0.003" /><testcase classname="tests.test_mcp_and_peer_agents.TestServerHandlers" name="test_handle_action_reveal_phase" time="0.003" /><testcase classname="tests.test_mcp_and_peer_agents.TestServerHandlers" name="test_handle_action_final_audit_phase" time="0.019" /><testcase classname="tests.test_mcp_and_peer_agents.TestServerHandlers" name="test_handle_action_creates_gamelog_if_missing" time="0.005" /><testcase classname="tests.test_mcp_and_peer_agents.TestServerHandlers" name="test_handle_start_game_role_not_in_roles" time="0.005" /><testcase classname="tests.test_mcp_and_peer_agents.TestServerToolsInfo" name="test_register_info_tools_creates_mcp" time="0.017" /><testcase classname="tests.test_mcp_and_peer_agents.TestInitPassiveGame" name="test_idempotent_if_same_game_id" time="0.005" /><testcase classname="tests.test_mcp_and_peer_agents.TestInitPassiveGame" name="test_initializes_new_game" time="0.003" /><testcase classname="tests.test_mcp_and_peer_agents.TestInitPassiveGame" name="test_clears_existing_rules_ref" time="0.005" /><testcase classname="tests.test_mcp_and_peer_agents.TestHandlePassiveCommit" name="test_returns_h_commit" time="0.004" /><testcase classname="tests.test_mcp_and_peer_agents.TestHandlePassiveCommit" name="test_initializes_if_no_game_id" time="0.007" /><testcase classname="tests.test_mcp_and_peer_agents.TestHandlePassiveReveal" name="test_returns_error_if_no_commit" time="0.001" /><testcase classname="tests.test_mcp_and_peer_agents.TestHandlePassiveReveal" name="test_returns_reveal_payload" time="0.003" /><testcase classname="tests.test_mcp_and_peer_agents.TestPeerAgentRuntime" name="test_invalid_role_raises" time="0.005" /><testcase classname="tests.test_mcp_and_peer_agents.TestPeerAgentRuntime" name="test_on_action_unknown_phase" time="0.003" /><testcase classname="tests.test_mcp_and_peer_agents.TestPeerAgentRuntime" name="test_on_action_game_end" time="0.017" /><testcase classname="tests.test_mcp_and_peer_agents.TestPeerAgentRuntime" name="test_on_action_final_audit" time="0.003" /><testcase classname="tests.test_mcp_and_peer_agents.TestPeerAgentRuntime" name="test_on_start_game_thief_init" time="10.159" /><testcase classname="tests.test_mcp_and_peer_agents.TestPeerAgentRuntime" name="test_on_start_game_cop_no_loop" time="10.131" /><testcase classname="tests.test_mcp_and_peer_agents.TestPeerAgentRuntime" name="test_on_action_commit_delegates" time="0.003" /><testcase classname="tests.test_mcp_and_peer_agents.TestPeerAgentRuntime" name="test_on_action_reveal_delegates" time="0.003" /><testcase classname="tests.test_mcp_and_peer_agents.TestGameInitiator" name="test_init" time="0.001" /><testcase classname="tests.test_mcp_and_peer_agents.TestGameInitiator" name="test_start_game_success" time="0.004" /><testcase classname="tests.test_mcp_and_peer_agents.TestGameInitiator" name="test_start_game_cop_rejects" time="0.002" /><testcase classname="tests.test_mcp_and_peer_agents.TestGameInitiator" name="test_start_game_thief_rejects" time="0.002" /><testcase classname="tests.test_mcp_and_peer_agents.TestGameInitiator" name="test_start_game_exception" time="0.004" /><testcase classname="tests.test_mcp_and_peer_agents.TestGameInitiator" name="test_wait_for_readiness_delegates" time="0.002" /><testcase classname="tests.test_mcp_and_peer_agents.TestGameInitiator" name="test_call_start_game_delegates" time="0.002" /><testcase classname="tests.test_mcp_and_peer_agents.TestGameInitiatorHandshake" name="test_wait_for_readiness_success_on_first_try" time="0.002" /><testcase classname="tests.test_mcp_and_peer_agents.TestGameInitiatorHandshake" name="test_wait_for_readiness_timeout" time="0.514" /><testcase classname="tests.test_mcp_and_peer_agents.TestGameInitiatorHandshake" name="test_call_start_game_success" time="0.006" /><testcase classname="tests.test_mcp_and_peer_agents.TestGameInitiatorHandshake" name="test_call_start_game_propagates_exception" time="0.008" /><testcase classname="tests.test_mcp_and_peer_agents.TestGameMCPClient" name="test_init_sse_url" time="0.002" /><testcase classname="tests.test_mcp_and_peer_agents.TestGameMCPClient" name="test_sse_url_derived_correctly" time="0.002" /><testcase classname="tests.test_mcp_and_peer_agents.TestGameMCPClient" name="test_start_game_calls_tool" time="0.006" /><testcase classname="tests.test_mcp_and_peer_agents.TestGameMCPClient" name="test_action_calls_tool" time="0.005" /><testcase classname="tests.test_mcp_and_peer_agents.TestGameMCPClient" name="test_ping_calls_tool" time="0.005" /><testcase classname="tests.test_mcp_and_peer_agents.TestGameMCPClient" name="test_call_tool_parses_json_response" time="0.008" /><testcase classname="tests.test_mcp_and_peer_agents.TestGameMCPClient" name="test_call_tool_empty_content_returns_ok" time="0.016" /><testcase classname="tests.test_mcp_and_peer_agents.TestGameMCPClient" name="test_call_tool_raises_on_exception" time="0.008" /><testcase classname="tests.test_network_timeout_technical_loss.TestNetworkTimeoutTechnicalLoss" name="test_watchdog_timeout_causes_technical_loss" time="0.060" /><testcase classname="tests.test_network_timeout_technical_loss.TestNetworkTimeoutTechnicalLoss" name="test_client_timeout_raises_asyncio_timeout" time="0.007" /><testcase classname="tests.test_network_timeout_technical_loss.TestNetworkTimeoutTechnicalLoss" name="test_normal_turn_completes_without_timeout" time="0.008" /><testcase classname="tests.test_orchestrator_and_llm.TestLLMConfig" name="test_to_dict" time="0.002" /><testcase classname="tests.test_orchestrator_and_llm.TestLLMConfig" name="test_from_dict_known_provider" time="0.002" /><testcase classname="tests.test_orchestrator_and_llm.TestLLMConfig" name="test_from_dict_unknown_provider_falls_back_to_ollama" time="0.003" /><testcase classname="tests.test_orchestrator_and_llm.TestLLMConfig" name="test_from_dict_defaults" time="0.004" /><testcase classname="tests.test_orchestrator_and_llm.TestLLMConfig" name="test_ollama_builder" time="0.006" /><testcase classname="tests.test_orchestrator_and_llm.TestLLMConfig" name="test_openai_builder" time="0.003" /><testcase classname="tests.test_orchestrator_and_llm.TestLLMConfig" name="test_anthropic_builder" time="0.006" /><testcase classname="tests.test_orchestrator_and_llm.TestLLMConfig" name="test_azure_builder" time="0.008" /><testcase classname="tests.test_orchestrator_and_llm.TestTokenCounter" name="test_initial_state" time="0.008" /><testcase classname="tests.test_orchestrator_and_llm.TestTokenCounter" name="test_record" time="0.005" /><testcase classname="tests.test_orchestrator_and_llm.TestTokenCounter" name="test_record_multiple" time="0.003" /><testcase classname="tests.test_orchestrator_and_llm.TestTokenCounter" name="test_reset" time="0.006" /><testcase classname="tests.test_orchestrator_and_llm.TestTokenCounter" name="test_record_from_crew_output_with_usage_metrics" time="0.004" /><testcase classname="tests.test_orchestrator_and_llm.TestTokenCounter" name="test_record_from_crew_output_dict_usage" time="0.005" /><testcase classname="tests.test_orchestrator_and_llm.TestTokenCounter" name="test_record_from_crew_output_no_usage_attr" time="0.005" /><testcase classname="tests.test_orchestrator_and_llm.TestTokenCounter" name="test_record_from_crew_output_none_usage" time="0.003" /><testcase classname="tests.test_orchestrator_and_llm.TestTokenCounter" name="test_thread_safety" time="0.010" /><testcase classname="tests.test_orchestrator_and_llm.TestLLMProviders" name="test_create_ollama" time="0.009" /><testcase classname="tests.test_orchestrator_and_llm.TestLLMProviders" name="test_create_anthropic_no_key_raises" time="0.007" /><testcase classname="tests.test_orchestrator_and_llm.TestLLMProviders" name="test_create_anthropic_with_key" time="0.010" /><testcase classname="tests.test_orchestrator_and_llm.TestLLMProviders" name="test_create_openai_no_key_raises" time="0.010" /><testcase classname="tests.test_orchestrator_and_llm.TestLLMProviders" name="test_create_openai_with_key" time="0.007" /><testcase classname="tests.test_orchestrator_and_llm.TestLLMProviders" name="test_create_azure_no_key_raises" time="0.005" /><testcase classname="tests.test_orchestrator_and_llm.TestLLMProviders" name="test_create_azure_no_base_url_raises" time="0.006" /><testcase classname="tests.test_orchestrator_and_llm.TestLLMProviders" name="test_create_azure_with_deployment_id" time="0.007" /><testcase classname="tests.test_orchestrator_and_llm.TestLLMFactory" name="test_create_llm_ollama" time="0.002" /><testcase classname="tests.test_orchestrator_and_llm.TestLLMFactory" name="test_create_llm_openai" time="0.003" /><testcase classname="tests.test_orchestrator_and_llm.TestLLMFactory" name="test_create_llm_anthropic" time="0.004" /><testcase classname="tests.test_orchestrator_and_llm.TestLLMFactory" name="test_create_llm_azure" time="0.003" /><testcase classname="tests.test_orchestrator_and_llm.TestLLMFactory" name="test_create_from_dict" time="0.002" /><testcase classname="tests.test_orchestrator_and_llm.TestLLMFactory" name="test_create_from_env_ollama" time="0.006" /><testcase classname="tests.test_orchestrator_and_llm.TestLLMFactory" name="test_create_from_env_openai" time="0.003" /><testcase classname="tests.test_orchestrator_and_llm.TestLLMFactory" name="test_create_from_env_anthropic" time="0.004" /><testcase classname="tests.test_orchestrator_and_llm.TestLLMFactory" name="test_create_from_env_azure" time="0.004" /><testcase classname="tests.test_orchestrator_and_llm.TestLLMFactory" name="test_create_from_env_unknown_falls_back" time="0.003" /><testcase classname="tests.test_orchestrator_and_llm.TestCrewHelpers" name="test_parse_move_exact" time="0.002" /><testcase classname="tests.test_orchestrator_and_llm.TestCrewHelpers" name="test_parse_move_long_form" time="0.002" /><testcase classname="tests.test_orchestrator_and_llm.TestCrewHelpers" name="test_parse_move_token_in_text" time="0.003" /><testcase classname="tests.test_orchestrator_and_llm.TestCrewHelpers" name="test_parse_move_no_valid_raises" time="0.002" /><testcase classname="tests.test_orchestrator_and_llm.TestCrewHelpers" name="test_build_observation_cop" time="0.001" /><testcase classname="tests.test_orchestrator_and_llm.TestCrewHelpers" name="test_build_observation_thief" time="0.003" /><testcase classname="tests.test_orchestrator_and_llm.TestCrewHelpers" name="test_build_observation_candidates_corner" time="0.002" /><testcase classname="tests.test_orchestrator_and_llm.TestCrewHelpers" name="test_get_rl_policy_returns_none_when_unavailable" time="0.003" /><testcase classname="tests.test_orchestrator_and_llm.TestCrewHelpers" name="test_get_rl_policy_uses_cache" time="0.002" /><testcase classname="tests.test_orchestrator_and_llm.TestGameStateMixin" name="test_load_game_state_missing_returns_default" time="0.004" /><testcase classname="tests.test_orchestrator_and_llm.TestGameStateMixin" name="test_save_and_load_game_state" time="0.004" /><testcase classname="tests.test_orchestrator_and_llm.TestGameStateMixin" name="test_save_game_state_returns_true" time="0.006" /><testcase classname="tests.test_orchestrator_and_llm.TestGameStateMixin" name="test_append_move" time="0.031" /><testcase classname="tests.test_orchestrator_and_llm.TestGameStateMixin" name="test_save_commitment" time="0.007" /><testcase classname="tests.test_orchestrator_and_llm.TestGameStateMixin" name="test_store_and_load_my_commitment_payload" time="0.006" /><testcase classname="tests.test_orchestrator_and_llm.TestGameStateMixin" name="test_load_my_commitment_payload_missing" time="0.005" /><testcase classname="tests.test_orchestrator_and_llm.TestGameStateMixin" name="test_handle_reveal_no_commitment" time="0.007" /><testcase classname="tests.test_orchestrator_and_llm.TestGameStateMixin" name="test_handle_reveal_with_commitment" time="0.008" /><testcase classname="tests.test_orchestrator_and_llm.TestAuditMixin" name="test_handle_final_audit_no_file" time="0.005" /><testcase classname="tests.test_orchestrator_and_llm.TestAuditMixin" name="test_handle_final_audit_with_file" time="0.006" /><testcase classname="tests.test_orchestrator_and_llm.TestAuditMixin" name="test_handle_final_audit_bad_file" time="0.009" /><testcase classname="tests.test_orchestrator_and_llm.TestAuditMixin" name="test_handle_game_end_basic" time="0.008" /><testcase classname="tests.test_orchestrator_and_llm.TestAuditMixin" name="test_handle_game_end_calls_cleanup" time="0.009" /><testcase classname="tests.test_orchestrator_and_llm.TestPhaseMixin" name="test_on_action_unknown_phase" time="0.006" /><testcase classname="tests.test_orchestrator_and_llm.TestPhaseMixin" name="test_on_action_already_completed" time="0.007" /><testcase classname="tests.test_orchestrator_and_llm.TestPhaseMixin" name="test_on_action_final_audit_allowed_when_completed" time="0.006" /><testcase classname="tests.test_orchestrator_and_llm.TestPhaseMixin" name="test_on_start_game" time="0.007" /><testcase classname="tests.test_orchestrator_and_llm.TestPhaseMixin" name="test_is_reachable_unreachable" time="0.116" /><testcase classname="tests.test_orchestrator_and_llm.TestPhaseMixin" name="test_on_start_game_error" time="0.008" /><testcase classname="tests.test_orchestrator_and_llm.TestPhaseMixin" name="test_on_action_dispatch_error" time="0.009" /><testcase classname="tests.test_orchestrator_and_llm.TestCrewMixin" name="test_get_or_create_crew_creates_new" time="0.002" /><testcase classname="tests.test_orchestrator_and_llm.TestCrewMixin" name="test_get_or_create_crew_returns_existing" time="0.002" /><testcase classname="tests.test_orchestrator_and_llm.TestCrewMixin" name="test_build_crew_inputs" time="0.002" /><testcase classname="tests.test_orchestrator_and_llm.TestCrewMixin" name="test_build_observation_delegates" time="0.001" /><testcase classname="tests.test_orchestrator_and_llm.TestCrewMixin" name="test_long_move_conversion" time="0.001" /><testcase classname="tests.test_orchestrator_and_llm.TestCrewMixin" name="test_short_move_conversion" time="0.002" /><testcase classname="tests.test_orchestrator_and_llm.TestCrewMixin" name="test_select_move_rl_no_policy" time="0.002" /><testcase classname="tests.test_orchestrator_and_llm.TestCrewMixin" name="test_select_move_rl_empty_board_state" time="0.003" /><testcase classname="tests.test_orchestrator_and_llm.TestCrewMixin" name="test_select_move_rl_success" time="0.004" /><testcase classname="tests.test_orchestrator_and_llm.TestCrewMixin" name="test_select_move_rl_not_in_candidates" time="0.002" /><testcase classname="tests.test_orchestrator_and_llm.TestCrewMixin" name="test_select_move_rl_inference_error" time="0.004" /><testcase classname="tests.test_orchestrator_and_llm.TestCrewMixin" name="test_select_move_llm" time="0.004" /><testcase classname="tests.test_orchestrator_and_llm.TestCrewMixin" name="test_select_move_llm_async" time="0.005" /><testcase classname="tests.test_orchestrator_and_llm.TestCrewMixin" name="test_create_crew_no_crewai" time="0.003" /><testcase classname="tests.test_orchestrator_and_llm.TestCrewMixin" name="test_create_crew_no_llm" time="0.004" /><testcase classname="tests.test_orchestrator_and_llm.TestCrewMixin" name="test_create_crew_success" time="0.006" /><testcase classname="tests.test_orchestrator_and_llm.TestCrewMixin" name="test_get_token_counter_cached" time="0.002" /><testcase classname="tests.test_orchestrator_and_llm.TestDiscoveryRender" name="test_skill_module_name" time="0.003" /><testcase classname="tests.test_orchestrator_and_llm.TestDiscoveryRender" name="test_skill_path" time="0.002" /><testcase classname="tests.test_orchestrator_and_llm.TestDiscoveryRender" name="test_render_skill_no_remap" time="0.002" /><testcase classname="tests.test_orchestrator_and_llm.TestDiscoveryRender" name="test_render_skill_with_remap" time="0.003" /><testcase classname="tests.test_orchestrator_and_llm.TestDiscoveryRender" name="test_render_skill_with_signing" time="0.001" /><testcase classname="tests.test_orchestrator_and_llm.TestDiscoveryValidate" name="test_python_validate_skill_valid" time="0.006" /><testcase classname="tests.test_orchestrator_and_llm.TestDiscoveryValidate" name="test_python_validate_skill_missing_function" time="0.008" /><testcase classname="tests.test_orchestrator_and_llm.TestDiscoveryValidate" name="test_python_validate_skill_not_found" time="0.006" /><testcase classname="tests.test_orchestrator_and_llm.TestDiscoveryValidate" name="test_python_validate_skill_syntax_error" time="0.010" /><testcase classname="tests.test_orchestrator_and_llm.TestDiscoveryValidate" name="test_run_validator_crew_falls_back_to_python" time="0.008" /><testcase classname="tests.test_orchestrator_and_llm.TestDiscoveryValidate" name="test_validate_skill_loop_passes_first_attempt" time="0.009" /><testcase classname="tests.test_orchestrator_and_llm.TestDiscoveryValidate" name="test_validate_skill_loop_regenerates" time="0.008" /><testcase classname="tests.test_orchestrator_and_llm.TestDiscoveryWrite" name="test_parse_explorer_mapping_json" time="0.003" /><testcase classname="tests.test_orchestrator_and_llm.TestDiscoveryWrite" name="test_parse_explorer_mapping_embedded_json" time="0.002" /><testcase classname="tests.test_orchestrator_and_llm.TestDiscoveryWrite" name="test_parse_explorer_mapping_no_json_raises" time="0.002" /><testcase classname="tests.test_orchestrator_and_llm.TestDiscoveryWrite" name="test_write_skill_from_mapping" time="0.009" /><testcase classname="tests.test_orchestrator_and_llm.TestDiscoveryWrite" name="test_write_skill_from_schemas" time="0.010" /><testcase classname="tests.test_orchestrator_and_llm.TestDiscoveryWrite" name="test_write_skill_from_schemas_with_protocol_def" time="0.008" /><testcase classname="tests.test_orchestrator_and_llm.TestDiscoveryMixin" name="test_has_tool_false" time="0.003" /><testcase classname="tests.test_orchestrator_and_llm.TestDiscoveryMixin" name="test_cleanup_skill" time="0.013" /><testcase classname="tests.test_orchestrator_and_llm.TestDiscoveryMixin" name="test_run_explorer_crew_no_llm" time="0.007" /><testcase classname="tests.test_orchestrator_and_llm.TestDiscoveryMixin" name="test_run_explorer_crew_exception" time="0.006" /><testcase classname="tests.test_orchestrator_and_llm.TestDiscoveryMixin" name="test_write_skill_uses_explorer_raw" time="0.010" /><testcase classname="tests.test_orchestrator_and_llm.TestDiscoveryMixin" name="test_write_skill_falls_back_to_schemas" time="0.009" /><testcase classname="tests.test_orchestrator_and_llm.TestDiscoveryMixin" name="test_write_skill_no_explorer_raw" time="0.007" /><testcase classname="tests.test_orchestrator_and_llm.TestDiscoveryMixin" name="test_probe_full" time="0.003" /><testcase classname="tests.test_orchestrator_and_llm.TestGameOrchestrator" name="test_init_cop" time="0.013" /><testcase classname="tests.test_orchestrator_and_llm.TestGameOrchestrator" name="test_init_thief" time="0.092" /><testcase classname="tests.test_orchestrator_and_llm.TestGameOrchestrator" name="test_initialize_llm_with_config" time="0.005" /><testcase classname="tests.test_orchestrator_and_llm.TestGameOrchestrator" name="test_initialize_llm_with_dict" time="0.002" /><testcase classname="tests.test_orchestrator_and_llm.TestGameOrchestrator" name="test_initialize_llm_from_env" time="0.002" /><testcase classname="tests.test_orchestrator_and_llm.TestGameOrchestrator" name="test_initialize_llm_exception_returns_none" time="0.003" /><testcase classname="tests.test_orchestrator_and_llm.TestGameOrchestrator" name="test_run_async" time="0.033" /><testcase classname="tests.test_orchestrator_and_llm.TestGameOrchestrator" name="test_init_group_name" time="0.007" /><testcase classname="tests.test_orchestrator_and_llm.TestGameRunnerTurn" name="test_request_commit_success" time="0.005" /><testcase classname="tests.test_orchestrator_and_llm.TestGameRunnerTurn" name="test_request_commit_no_h_commit" time="0.007" /><testcase classname="tests.test_orchestrator_and_llm.TestGameRunnerTurn" name="test_request_commit_exception" time="0.006" /><testcase classname="tests.test_orchestrator_and_llm.TestGameRunnerTurn" name="test_request_reveal_success" time="0.004" /><testcase classname="tests.test_orchestrator_and_llm.TestGameRunnerTurn" name="test_request_reveal_no_move" time="0.005" /><testcase classname="tests.test_orchestrator_and_llm.TestGameRunnerTurn" name="test_request_reveal_exception" time="0.005" /><testcase classname="tests.test_orchestrator_and_llm.TestGameRunnerTurn" name="test_run_single_turn_commit_fails" time="0.006" /><testcase classname="tests.test_orchestrator_and_llm.TestGameRunnerTurn" name="test_run_single_turn_reveal_fails" time="0.006" /><testcase classname="tests.test_orchestrator_and_llm.TestGameRunnerTurn" name="test_run_single_turn_game_over" time="0.007" /><testcase classname="tests.test_orchestrator_and_llm.TestGameRunnerTurn" name="test_run_single_turn_ongoing" time="0.012" /><testcase classname="tests.test_orchestrator_and_llm.TestGameRunnerTurn" name="test_run_turn_loop_immediate_abort" time="0.006" /><testcase classname="tests.test_orchestrator_and_llm.TestGameRunnerTurn" name="test_run_turn_loop_winner" time="0.008" /><testcase classname="tests.test_orchestrator_and_llm.TestGameRunnerTurn" name="test_run_turn_loop_none_outcome" time="0.007" /><testcase classname="tests.test_orchestrator_and_llm.TestGameRunnerAudit" name="test_request_nonces_success" time="0.009" /><testcase classname="tests.test_orchestrator_and_llm.TestGameRunnerAudit" name="test_request_nonces_exception" time="0.012" /><testcase classname="tests.test_orchestrator_and_llm.TestGameRunnerAudit" name="test_final_audit_missing_nonces" time="0.016" /><testcase classname="tests.test_orchestrator_and_llm.TestGameRunnerAudit" name="test_final_audit_passes" time="0.014" /><testcase classname="tests.test_orchestrator_and_llm.TestGameRunnerAudit" name="test_final_audit_fails" time="0.022" /><testcase classname="tests.test_orchestrator_and_llm.TestGameRunnerAudit" name="test_request_nonces_empty" time="0.009" /><testcase classname="tests.test_orchestrator_and_llm.TestGameRunnerReports" name="test_generate_reports_no_plugins" time="0.025" /><testcase classname="tests.test_orchestrator_and_llm.TestGameRunnerReports" name="test_generate_reports_with_plugins" time="0.023" /><testcase classname="tests.test_orchestrator_and_llm.TestGameRunnerReports" name="test_generate_reports_failed_plugin" time="0.022" /><testcase classname="tests.test_orchestrator_and_llm.TestGameRunnerReports" name="test_generate_reports_exception_handled" time="0.020" /><testcase classname="tests.test_peer_runtime_no_central_judge.TestVerifyOpponentReveal" name="test_valid_reveal_returns_true" time="0.004" /><testcase classname="tests.test_peer_runtime_no_central_judge.TestVerifyOpponentReveal" name="test_tampered_move_returns_false" time="0.003" /><testcase classname="tests.test_peer_runtime_no_central_judge.TestVerifyOpponentReveal" name="test_wrong_nonce_returns_false" time="0.005" /><testcase classname="tests.test_peer_runtime_no_central_judge.TestAppendAndLoadOpponentData" name="test_append_and_read_opponent_commits" time="0.014" /><testcase classname="tests.test_peer_runtime_no_central_judge.TestAppendAndLoadOpponentData" name="test_append_opponent_reveal" time="0.011" /><testcase classname="tests.test_peer_runtime_no_central_judge.TestAppendAndLoadOpponentData" name="test_append_is_idempotent_across_steps" time="0.011" /><testcase classname="tests.test_peer_runtime_no_central_judge.TestRunFinalAudit" name="test_all_steps_verified_ok" time="0.012" /><testcase classname="tests.test_peer_runtime_no_central_judge.TestRunFinalAudit" name="test_missing_nonce_causes_failure" time="0.011" /><testcase classname="tests.test_peer_runtime_no_central_judge.TestRunFinalAudit" name="test_wrong_nonce_causes_mismatch" time="0.011" /><testcase classname="tests.test_peer_runtime_no_central_judge.TestRunFinalAudit" name="test_empty_game_audit_ok" time="0.007" /><testcase classname="tests.test_peer_runtime_no_central_judge.TestPeerRuntimeInit" name="test_role_cop_sets_opponent_thief" time="0.009" /><testcase classname="tests.test_peer_runtime_no_central_judge.TestPeerRuntimeInit" name="test_role_thief_sets_opponent_cop" time="0.009" /><testcase classname="tests.test_peer_runtime_no_central_judge.TestPeerRuntimeInit" name="test_invalid_role_raises" time="0.006" /><testcase classname="tests.test_peer_runtime_no_central_judge.TestPeerRuntimeStoreMyCommit" name="test_commit_persisted_to_disk" time="0.008" /><testcase classname="tests.test_peer_runtime_no_central_judge.TestPeerRuntimeStoreMyCommit" name="test_multiple_commits_accumulate" time="0.011" /><testcase classname="tests.test_peer_runtime_no_central_judge.TestPeerRuntimeStoreMyCommit" name="test_in_memory_dict_updated" time="0.008" /><testcase classname="tests.test_peer_runtime_no_central_judge.TestRunPeerTurn" name="test_valid_turn_returns_no_winner" time="0.030" /><testcase classname="tests.test_peer_runtime_no_central_judge.TestRunPeerTurn" name="test_tampered_reveal_stored_for_final_audit" time="0.020" /><testcase classname="tests.test_peer_runtime_no_central_judge.TestRunPeerTurn" name="test_missing_h_commit_in_commit_resp" time="0.023" /><testcase classname="tests.test_peer_runtime_no_central_judge.TestRunPeerTurn" name="test_missing_move_in_reveal" time="0.018" /><testcase classname="tests.test_peer_runtime_no_central_judge.TestRunPeerTurn" name="test_own_commit_stored_after_turn" time="0.018" /><testcase classname="tests.test_peer_runtime_no_central_judge.TestRunPeerTurn" name="test_opponent_commit_stored_before_reveal" time="0.108" /><testcase classname="tests.test_peer_runtime_no_central_judge.TestPeerRuntimeFullGame" name="test_cop_completes_game_without_judge" time="2.769" /><testcase classname="tests.test_peer_runtime_no_central_judge.TestPeerRuntimeFullGame" name="test_thief_completes_game_without_judge" time="2.739" /><testcase classname="tests.test_peer_runtime_no_central_judge.TestPeerRuntimeFullGame" name="test_result_file_written_locally" time="2.709" /><testcase classname="tests.test_peer_runtime_no_central_judge.TestPeerRuntimeFullGame" name="test_my_commitments_file_written" time="2.585" /><testcase classname="tests.test_peer_runtime_no_central_judge.TestPeerRuntimeFullGame" name="test_opponent_commitments_file_written" time="2.594" /><testcase classname="tests.test_peer_runtime_no_central_judge.TestPeerRuntimeFullGame" name="test_audit_ok_when_opponent_honest" time="2.696" /><testcase classname="tests.test_peer_runtime_no_central_judge.TestPeerRuntimeFullGame" name="test_game_state_json_written" time="2.718" /><testcase classname="tests.test_peer_runtime_no_central_judge.TestNoCentralJudgeInvariant" name="test_each_agent_has_separate_commit_stores" time="0.010" /><testcase classname="tests.test_peer_runtime_no_central_judge.TestNoCentralJudgeInvariant" name="test_verify_commitment_is_pure_crypto_no_network" time="0.002" /><testcase classname="tests.test_peer_runtime_no_central_judge.TestNoCentralJudgeInvariant" name="test_run_final_audit_uses_only_local_files" time="0.008" /><testcase classname="tests.test_replay_audit.TestLogIntegrity" name="test_valid_log_passes_integrity" time="0.009" /><testcase classname="tests.test_replay_audit.TestLogIntegrity" name="test_tampered_log_fails_integrity" time="0.012" /><testcase classname="tests.test_replay_audit.TestLogIntegrity" name="test_missing_log_returns_not_ok" time="0.008" /><testcase classname="tests.test_replay_audit.TestLogIntegrity" name="test_without_expected_hash_still_returns_sha" time="0.012" /><testcase classname="tests.test_replay_audit.TestAuditLogCommitments" name="test_valid_log_all_ok" time="0.008" /><testcase classname="tests.test_replay_audit.TestAuditLogCommitments" name="test_tampered_move_fails" time="0.010" /><testcase classname="tests.test_replay_audit.TestAuditLogCommitments" name="test_missing_nonce_skipped" time="0.010" /><testcase classname="tests.test_replay_audit.TestAuditLogCommitments" name="test_empty_log_not_ok" time="0.002" /><testcase classname="tests.test_report_no_stub_creation.TestNoStubCreation" name="test_missing_required_files_raises" time="0.013" /><testcase classname="tests.test_report_no_stub_creation.TestNoStubCreation" name="test_no_stub_files_created_on_missing" time="0.015" /><testcase classname="tests.test_report_no_stub_creation.TestNoStubCreation" name="test_all_required_files_present_succeeds" time="0.015" /><testcase classname="tests.test_report_uses_authoritative_files.TestCopyFilesToAgentDirs" name="test_copy_files_to_agent_dirs_real_fs" time="0.031" /><testcase classname="tests.test_rl_tools_reports.TestBoardPlaceBarrier" name="test_place_barrier_ok" time="0.002" /><testcase classname="tests.test_rl_tools_reports.TestBoardPlaceBarrier" name="test_place_barrier_out_of_bounds" time="0.001" /><testcase classname="tests.test_rl_tools_reports.TestBoardPlaceBarrier" name="test_place_barrier_already_exists" time="0.001" /><testcase classname="tests.test_rl_tools_reports.TestBoardPlaceBarrier" name="test_apply_move_invalid_action" time="0.001" /><testcase classname="tests.test_rl_tools_reports.TestBoardPlaceBarrier" name="test_apply_move_invalid_role" time="0.001" /><testcase classname="tests.test_rl_tools_reports.TestBoardPlaceBarrier" name="test_apply_move_blocked_by_barrier" time="0.002" /><testcase classname="tests.test_rl_tools_reports.TestBoardPlaceBarrier" name="test_get_position_invalid_role" time="0.002" /><testcase classname="tests.test_rl_tools_reports.TestBoardPlaceBarrier" name="test_to_dict_round_trip" time="0.002" /><testcase classname="tests.test_rl_tools_reports.TestBoardPlaceBarrier" name="test_to_state_alias" time="0.002" /><testcase classname="tests.test_rl_tools_reports.TestBoardPlaceBarrier" name="test_from_state_alias" time="0.001" /><testcase classname="tests.test_rl_tools_reports.TestBoardPlaceBarrier" name="test_from_dict_defaults" time="0.001" /><testcase classname="tests.test_rl_tools_reports.TestCheckGameStatus" name="test_capture_returns_cop_win" time="0.001" /><testcase classname="tests.test_rl_tools_reports.TestCheckGameStatus" name="test_max_turns_returns_thief_win" time="0.001" /><testcase classname="tests.test_rl_tools_reports.TestCheckGameStatus" name="test_thief_not_trapped_when_stay_available" time="0.001" /><testcase classname="tests.test_rl_tools_reports.TestCheckGameStatus" name="test_ongoing" time="0.001" /><testcase classname="tests.test_rl_tools_reports.TestEnvHelpers" name="test_random_starts_different_positions" time="0.002" /><testcase classname="tests.test_rl_tools_reports.TestEnvHelpers" name="test_random_starts_avoids_barriers" time="0.001" /><testcase classname="tests.test_rl_tools_reports.TestEnvHelpers" name="test_manhattan_dist" time="0.002" /><testcase classname="tests.test_rl_tools_reports.TestEnvHelpers" name="test_apply_place_action_no_quota" time="0.002" /><testcase classname="tests.test_rl_tools_reports.TestEnvHelpers" name="test_apply_place_action_places_barrier" time="0.001" /><testcase classname="tests.test_rl_tools_reports.TestEnvHelpers" name="test_apply_place_action_out_of_bounds" time="0.001" /><testcase classname="tests.test_rl_tools_reports.TestEnvHelpers" name="test_apply_place_action_on_thief" time="0.001" /><testcase classname="tests.test_rl_tools_reports.TestRewardsMixin" name="test_rewards_cop_win" time="0.002" /><testcase classname="tests.test_rl_tools_reports.TestRewardsMixin" name="test_rewards_thief_win" time="0.001" /><testcase classname="tests.test_rl_tools_reports.TestRewardsMixin" name="test_rewards_ongoing" time="0.002" /><testcase classname="tests.test_rl_tools_reports.TestRewardsMixin" name="test_shaped_rewards_terminal" time="0.001" /><testcase classname="tests.test_rl_tools_reports.TestRewardsMixin" name="test_shaped_rewards_ongoing_updates_prev_dist" time="0.001" /><testcase classname="tests.test_rl_tools_reports.TestCopThiefEnv" name="test_n_cop_actions_no_barriers" time="0.001" /><testcase classname="tests.test_rl_tools_reports.TestCopThiefEnv" name="test_n_cop_actions_with_barriers" time="0.001" /><testcase classname="tests.test_rl_tools_reports.TestCopThiefEnv" name="test_n_thief_actions" time="0.001" /><testcase classname="tests.test_rl_tools_reports.TestCopThiefEnv" name="test_n_cop_channels_no_barriers" time="0.001" /><testcase classname="tests.test_rl_tools_reports.TestCopThiefEnv" name="test_n_cop_channels_with_barriers" time="0.001" /><testcase classname="tests.test_rl_tools_reports.TestCopThiefEnv" name="test_reset_returns_obs" time="0.002" /><testcase classname="tests.test_rl_tools_reports.TestCopThiefEnv" name="test_reset_random_starts" time="0.002" /><testcase classname="tests.test_rl_tools_reports.TestCopThiefEnv" name="test_step_stay_stay" time="0.001" /><testcase classname="tests.test_rl_tools_reports.TestCopThiefEnv" name="test_step_cop_wins" time="0.001" /><testcase classname="tests.test_rl_tools_reports.TestCopThiefEnv" name="test_step_done_thief_wins_turn_limit" time="0.002" /><testcase classname="tests.test_rl_tools_reports.TestCopThiefEnv" name="test_observation_shape_thief" time="0.002" /><testcase classname="tests.test_rl_tools_reports.TestCopThiefEnv" name="test_observation_shape_cop" time="0.001" /><testcase classname="tests.test_rl_tools_reports.TestCopThiefEnv" name="test_observation_shape_cop_with_barriers" time="0.001" /><testcase classname="tests.test_rl_tools_reports.TestCopThiefEnv" name="test_step_barrier_action" time="0.002" /><testcase classname="tests.test_rl_tools_reports.TestCopThiefEnv" name="test_step_shaped_rewards" time="0.001" /><testcase classname="tests.test_rl_tools_reports.TestCopThiefEnv" name="test_action_meanings" time="0.002" /><testcase classname="tests.test_rl_tools_reports.TestCopThiefEnv" name="test_step_illegal_cop_move_corrected" time="0.002" /><testcase classname="tests.test_rl_tools_reports.TestObservation" name="test_cop_observation_4_channels" time="0.002" /><testcase classname="tests.test_rl_tools_reports.TestObservation" name="test_cop_observation_5_channels" time="0.001" /><testcase classname="tests.test_rl_tools_reports.TestObservation" name="test_thief_observation_no_cop_pos" time="0.002" /><testcase classname="tests.test_rl_tools_reports.TestObservation" name="test_thief_observation_with_last_cop_pos" time="0.287" /><testcase classname="tests.test_rl_tools_reports.TestObservation" name="test_observation_shape_thief" time="0.001" /><testcase classname="tests.test_rl_tools_reports.TestObservation" name="test_observation_shape_cop_no_barriers" time="0.001" /><testcase classname="tests.test_rl_tools_reports.TestObservation" name="test_observation_shape_cop_with_barriers" time="0.003" /><testcase classname="tests.test_rl_tools_reports.TestNetworks" name="test_dqnnet_mlp_forward" time="0.003" /><testcase classname="tests.test_rl_tools_reports.TestNetworks" name="test_dqnnet_cnn_forward" time="0.009" /><testcase classname="tests.test_rl_tools_reports.TestNetworks" name="test_pponet_mlp_forward" time="0.003" /><testcase classname="tests.test_rl_tools_reports.TestNetworks" name="test_pponet_cnn_forward" time="0.006" /><testcase classname="tests.test_rl_tools_reports.TestNetworks" name="test_pponet_get_action_deterministic" time="0.005" /><testcase classname="tests.test_rl_tools_reports.TestNetworks" name="test_pponet_get_action_stochastic" time="0.004" /><testcase classname="tests.test_rl_tools_reports.TestNetworks" name="test_dqnnet_5channel" time="0.006" /><testcase classname="tests.test_rl_tools_reports.TestRLPolicy" name="test_select_move_dqn_thief" time="0.007" /><testcase classname="tests.test_rl_tools_reports.TestRLPolicy" name="test_select_move_ppo_thief" time="0.006" /><testcase classname="tests.test_rl_tools_reports.TestRLPolicy" name="test_select_move_cop" time="0.005" /><testcase classname="tests.test_rl_tools_reports.TestRLPolicy" name="test_select_move_with_last_revealed_cop_pos" time="0.006" /><testcase classname="tests.test_rl_tools_reports.TestRLPolicy" name="test_select_action_dqn" time="0.006" /><testcase classname="tests.test_rl_tools_reports.TestRLPolicy" name="test_select_action_ppo_training" time="0.005" /><testcase classname="tests.test_rl_tools_reports.TestRLPolicy" name="test_select_action_ppo_not_training" time="0.004" /><testcase classname="tests.test_rl_tools_reports.TestRLPolicy" name="test_build_obs_cop" time="0.006" /><testcase classname="tests.test_rl_tools_reports.TestRLPolicy" name="test_build_obs_thief" time="0.004" /><testcase classname="tests.test_rl_tools_reports.TestRLPolicy" name="test_select_move_cop_barrier_quota" time="0.005" /><testcase classname="tests.test_rl_tools_reports.TestRLPolicy" name="test_select_move_from_dict" time="0.004" /><testcase classname="tests.test_rl_tools_reports.TestPolicyLoader" name="test_rebuild_net_mlp_dqn" time="0.005" /><testcase classname="tests.test_rl_tools_reports.TestPolicyLoader" name="test_rebuild_net_mlp_ppo" time="0.008" /><testcase classname="tests.test_rl_tools_reports.TestPolicyLoader" name="test_rebuild_net_infers_channels" time="0.004" /><testcase classname="tests.test_rl_tools_reports.TestPolicyLoader" name="test_load_checkpoint_file_not_found" time="0.004" /><testcase classname="tests.test_rl_tools_reports.TestPolicyLoader" name="test_load_checkpoint_from_file" time="0.020" /><testcase classname="tests.test_rl_tools_reports.TestPolicyLoader" name="test_load_checkpoint_ppo_from_file" time="0.023" /><testcase classname="tests.test_rl_tools_reports.TestPolicyLoader" name="test_load_checkpoint_cop_with_saved_barrier_quota" time="0.046" /><testcase classname="tests.test_rl_tools_reports.TestPeerTurnHelpers" name="test_send_commit_success" time="0.008" /><testcase classname="tests.test_rl_tools_reports.TestPeerTurnHelpers" name="test_send_commit_exception_returns_none" time="0.007" /><testcase classname="tests.test_rl_tools_reports.TestPeerTurnHelpers" name="test_send_reveal_success" time="0.009" /><testcase classname="tests.test_rl_tools_reports.TestPeerTurnHelpers" name="test_send_reveal_exception_returns_none" time="0.007" /><testcase classname="tests.test_rl_tools_reports.TestPeerTurnHelpers" name="test_select_move_rl_success" time="0.008" /><testcase classname="tests.test_rl_tools_reports.TestPeerTurnHelpers" name="test_select_move_rl_failure_falls_back" time="0.007" /><testcase classname="tests.test_rl_tools_reports.TestPeerTurnHelpers" name="test_select_move_rl_returns_none_falls_back" time="0.006" /><testcase classname="tests.test_rl_tools_reports.TestPeerTurnHelpers" name="test_get_watchdog_timeout_default" time="0.003" /><testcase classname="tests.test_rl_tools_reports.TestPeerTurnHelpers" name="test_get_watchdog_timeout_from_config" time="0.003" /><testcase classname="tests.test_rl_tools_reports.TestPeerTurnLoop" name="test_run_peer_turn_commit_fails" time="0.009" /><testcase classname="tests.test_rl_tools_reports.TestPeerTurnLoop" name="test_run_peer_turn_no_h_commit_in_response" time="0.008" /><testcase classname="tests.test_rl_tools_reports.TestPeerTurnLoop" name="test_run_peer_turn_reveal_fails" time="0.007" /><testcase classname="tests.test_rl_tools_reports.TestPeerTurnLoop" name="test_run_peer_turn_loop_timeout" time="0.006" /><testcase classname="tests.test_rl_tools_reports.TestPeerTurnLoop" name="test_run_peer_turn_loop_exception" time="0.016" /><testcase classname="tests.test_rl_tools_reports.TestPeerTurnLoop" name="test_run_peer_turn_loop_no_winner_thief_wins" time="0.005" /><testcase classname="tests.test_rl_tools_reports.TestPeerTurnLoop" name="test_run_peer_turn_barrier_placement" time="0.011" /><testcase classname="tests.test_rl_tools_reports.TestBoardTool" name="test_apply_move_returns_updated_state" time="0.002" /><testcase classname="tests.test_rl_tools_reports.TestBoardTool" name="test_apply_move_invalid_role_returns_state" time="0.002" /><testcase classname="tests.test_rl_tools_reports.TestBoardTool" name="test_apply_both_moves" time="0.001" /><testcase classname="tests.test_rl_tools_reports.TestBoardTool" name="test_get_legal_moves" time="0.002" /><testcase classname="tests.test_rl_tools_reports.TestBoardTool" name="test_check_board_state" time="0.001" /><testcase classname="tests.test_rl_tools_reports.TestGameStateTool" name="test_get_observation_cop" time="0.002" /><testcase classname="tests.test_rl_tools_reports.TestGameStateTool" name="test_get_observation_thief" time="0.002" /><testcase classname="tests.test_rl_tools_reports.TestGameStateTool" name="test_get_observation_empty_state" time="0.002" /><testcase classname="tests.test_rl_tools_reports.TestGameStateTool" name="test_load_game_state_missing" time="0.014" /><testcase classname="tests.test_rl_tools_reports.TestGameStateTool" name="test_save_and_load_game_state" time="0.012" /><testcase classname="tests.test_rl_tools_reports.TestProtocolTool" name="test_analyze_tool_names" time="0.002" /><testcase classname="tests.test_rl_tools_reports.TestProtocolTool" name="test_infer_game_flow_commit_reveal" time="0.002" /><testcase classname="tests.test_rl_tools_reports.TestProtocolTool" name="test_infer_game_flow_unknown" time="0.002" /><testcase classname="tests.test_rl_tools_reports.TestProtocolTool" name="test_summarize_protocol" time="0.004" /><testcase classname="tests.test_rl_tools_reports.TestProtocolTool" name="test_analyze_tool_names_health" time="0.001" /><testcase classname="tests.test_rl_tools_reports.TestReadSkillTool" name="test_read_skill_file_not_found" time="0.002" /><testcase classname="tests.test_rl_tools_reports.TestReadSkillTool" name="test_read_skill_file_valid" time="0.012" /><testcase classname="tests.test_rl_tools_reports.TestReadSkillTool" name="test_read_skill_file_syntax_error" time="0.011" /><testcase classname="tests.test_rl_tools_reports.TestStrategyTool" name="test_call_strategy_no_model" time="0.012" /><testcase classname="tests.test_rl_tools_reports.TestStrategyTool" name="test_call_strategy_no_board_state" time="0.004" /><testcase classname="tests.test_rl_tools_reports.TestStrategyTool" name="test_load_rl_policy_caches_none" time="0.002" /><testcase classname="tests.test_rl_tools_reports.TestAgentFactories" name="test_create_strategy_agent" time="0.006" /><testcase classname="tests.test_rl_tools_reports.TestAgentFactories" name="test_create_select_move_task" time="0.002" /><testcase classname="tests.test_rl_tools_reports.TestAgentFactories" name="test_create_game_manager_agent" time="0.002" /><testcase classname="tests.test_rl_tools_reports.TestAgentFactories" name="test_create_update_state_task" time="0.002" /><testcase classname="tests.test_rl_tools_reports.TestAgentFactories" name="test_create_verify_commitment_task" time="0.001" /><testcase classname="tests.test_rl_tools_reports.TestAgentFactories" name="test_create_protocol_discovery_agent" time="0.002" /><testcase classname="tests.test_rl_tools_reports.TestAgentFactories" name="test_create_analyze_protocol_task" time="0.003" /><testcase classname="tests.test_rl_tools_reports.TestAgentFactories" name="test_create_verify_protocol_task" time="0.002" /><testcase classname="tests.test_rl_tools_reports.TestAgentFactories" name="test_create_mcp_explorer_agent" time="0.002" /><testcase classname="tests.test_rl_tools_reports.TestAgentFactories" name="test_create_mcp_explorer_task" time="0.004" /><testcase classname="tests.test_rl_tools_reports.TestAgentFactories" name="test_create_skill_validator_agent" time="0.002" /><testcase classname="tests.test_rl_tools_reports.TestAgentFactories" name="test_create_skill_validator_task" time="0.002" /><testcase classname="tests.test_rl_tools_reports.TestAgentFactories" name="test_agents_init_exports" time="0.002" /><testcase classname="tests.test_rl_tools_reports.TestDeliveryStore" name="test_load_history_missing_file" time="0.018" /><testcase classname="tests.test_rl_tools_reports.TestDeliveryStore" name="test_record_and_load" time="0.017" /><testcase classname="tests.test_rl_tools_reports.TestDeliveryStore" name="test_has_successful_delivery_true" time="0.018" /><testcase classname="tests.test_rl_tools_reports.TestDeliveryStore" name="test_has_successful_delivery_false" time="0.020" /><testcase classname="tests.test_rl_tools_reports.TestDeliveryStore" name="test_get_delivery_path" time="0.008" /><testcase classname="tests.test_rl_tools_reports.TestDeliveryStore" name="test_load_history_bad_json" time="0.018" /><testcase classname="tests.test_rl_tools_reports.TestExamplePlugin" name="test_generate_success" time="0.078" /><testcase classname="tests.test_rl_tools_reports.TestExamplePlugin" name="test_generate_failure" time="0.014" /><testcase classname="tests.test_rl_tools_reports.TestFileReportPlugin" name="test_generate_json" time="0.030" /><testcase classname="tests.test_rl_tools_reports.TestFileReportPlugin" name="test_generate_markdown" time="0.011" /><testcase classname="tests.test_rl_tools_reports.TestFileReportPlugin" name="test_generate_json_content" time="0.013" /><testcase classname="tests.test_rl_tools_reports.TestFileReportPlugin" name="test_generate_markdown_content" time="0.013" /><testcase classname="tests.test_rl_tools_reports.TestFileReportPlugin" name="test_generate_exception_returns_failed_result" time="0.016" /><testcase classname="tests.test_rl_tools_reports.TestReportGatekeeper" name="test_can_send_dry_run" time="0.005" /><testcase classname="tests.test_rl_tools_reports.TestReportGatekeeper" name="test_can_send_already_sent" time="0.003" /><testcase classname="tests.test_rl_tools_reports.TestReportGatekeeper" name="test_can_send_daily_limit" time="0.004" /><testcase classname="tests.test_rl_tools_reports.TestReportGatekeeper" name="test_can_send_max_retries" time="0.004" /><testcase classname="tests.test_rl_tools_reports.TestReportGatekeeper" name="test_can_send_ok" time="0.003" /><testcase classname="tests.test_rl_tools_reports.TestReportGatekeeper" name="test_record_send" time="0.001" /><testcase classname="tests.test_shared_config_contract.TestCanonicalJson" name="test_sorted_keys" time="0.002" /><testcase classname="tests.test_shared_config_contract.TestCanonicalJson" name="test_no_extra_whitespace" time="0.002" /><testcase classname="tests.test_shared_config_contract.TestCanonicalJson" name="test_deterministic" time="0.002" /><testcase classname="tests.test_shared_config_contract.TestConfigSha256" name="test_returns_64_hex_chars" time="0.001" /><testcase classname="tests.test_shared_config_contract.TestConfigSha256" name="test_different_configs_differ" time="0.001" /><testcase classname="tests.test_shared_config_contract.TestConfigSha256" name="test_matches_manual_sha256" time="0.001" /><testcase classname="tests.test_shared_config_contract.TestValidate" name="test_valid_config_passes" time="0.002" /><testcase classname="tests.test_shared_config_contract.TestValidate" name="test_missing_section_raises" time="0.001" /><testcase classname="tests.test_shared_config_contract.TestValidate" name="test_diagonal_moves_must_be_false" time="0.001" /><testcase classname="tests.test_shared_config_contract.TestValidate" name="test_technical_loss_must_be_zero" time="0.002" /><testcase classname="tests.test_shared_config_contract.TestValidate" name="test_pheromone_center_intensity_fixed" time="0.002" /><testcase classname="tests.test_shared_config_contract.TestValidate" name="test_max_barriers_minimum" time="0.002" /><testcase classname="tests.test_shared_config_contract.TestValidate" name="test_max_moves_minimum" time="0.002" /><testcase classname="tests.test_shared_config_contract.TestValidate" name="test_num_gamelets_fixed_at_six" time="0.002" /><testcase classname="tests.test_shared_config_contract.TestValidate" name="test_reports_section_forbidden" time="0.002" /><testcase classname="tests.test_shared_config_contract.TestLoadSharedConfig" name="test_loads_real_config" time="0.003" /><testcase classname="tests.test_shared_config_contract.TestLoadSharedConfig" name="test_missing_file_raises_file_not_found" time="0.001" /><testcase classname="tests.test_shared_config_contract.TestLoadSharedConfig" name="test_sha256_is_deterministic" time="0.003" /><testcase classname="tests.test_shared_config_contract.TestLoadSharedConfig" name="test_config_json_passes_validation" time="0.002" /><testcase classname="tests.test_startup" name="test_peer_agent_runtime_import" time="7.231" /><testcase classname="tests.test_startup" name="test_cop_main_import" time="7.314" /><testcase classname="tests.test_startup" name="test_combined_entry_point_import" time="7.358" /><testcase classname="tests.test_startup" name="test_run_series_help" time="0.255" /><testcase classname="tests.test_startup" name="test_language_hints_import" time="2.668" /><testcase classname="tests.test_thief_rl_no_true_cop_position.TestThiefObservationHiddenInfo" name="test_without_last_revealed_falls_back_to_board" time="0.001" /><testcase classname="tests.test_thief_rl_no_true_cop_position.TestThiefObservationHiddenInfo" name="test_with_last_revealed_uses_old_pos" time="0.002" /><testcase classname="tests.test_thief_rl_no_true_cop_position.TestThiefObservationHiddenInfo" name="test_last_revealed_differs_from_live" time="0.002" /><testcase classname="tests.test_thief_rl_no_true_cop_position.TestThiefObservationHiddenInfo" name="test_thief_position_channel_is_always_live" time="0.001" /><testcase classname="tests.test_thief_rl_no_true_cop_position.TestRLPolicyHiddenInfo" name="test_select_move_from_dict_accepts_last_revealed_cop_pos" time="0.001" /><testcase classname="tests.test_thief_rl_no_true_cop_position.TestRLPolicyHiddenInfo" name="test_build_obs_uses_last_revealed_for_thief" time="0.003" /><testcase classname="tests.test_thief_rl_no_true_cop_position.TestOrchestratoreGameStateTracking" name="test_last_revealed_cop_pos_in_observation" time="0.002" /><testcase classname="tests.test_thief_rl_no_true_cop_position.TestOrchestratoreGameStateTracking" name="test_cop_observation_has_no_last_revealed_key" time="0.001" /><testcase classname="agent.tests.test_e2e_game" name="test_e2e_game_completes_with_output_files" time="0.207" /><testcase classname="agent.tests.test_e2e_game" name="test_e2e_game_without_reports_still_completes" time="0.149" /><testcase classname="agent.tests.test_e2e_game" name="test_e2e_handshake_failure_aborts_game" time="0.019" /><testcase classname="agent.tests.test_gmail_dry_run" name="test_gmail_dry_run_no_credentials" time="0.016" /><testcase classname="agent.tests.test_gmail_dry_run" name="test_gmail_dry_run_creates_preview_file" time="0.015" /><testcase classname="agent.tests.test_gmail_dry_run" name="test_gmail_disabled" time="0.011" /><testcase classname="agent.tests.test_gmail_dry_run" name="test_gmail_send_requires_token" time="0.016" /><testcase classname="agent.tests.test_protocol" name="test_start_game_accepts_matching_config" time="0.002" /><testcase classname="agent.tests.test_protocol" name="test_start_game_rejects_config_mismatch" time="0.002" /><testcase classname="agent.tests.test_protocol" name="test_start_game_rejects_short_config_sha" time="0.002" /><testcase classname="agent.tests.test_protocol" name="test_action_rejects_bad_role" time="0.001" /><testcase classname="agent.tests.test_protocol" name="test_action_rejects_unknown_phase" time="0.002" /><testcase classname="agent.tests.test_protocol" name="test_commit_no_h_commit_is_valid" time="0.002" /><testcase classname="agent.tests.test_protocol" name="test_commit_invalid_h_commit_rejected" time="0.002" /><testcase classname="agent.tests.test_protocol" name="test_reveal_valid_move_passes" time="0.002" /><testcase classname="agent.tests.test_protocol" name="test_reveal_invalid_move_rejected" time="0.002" /><testcase classname="agent.tests.test_protocol" name="test_reveal_invalid_intent_rejected" time="0.002" /><testcase classname="agent.tests.test_protocol" name="test_reveal_hint_too_long_rejected" time="0.002" /><testcase classname="agent.tests.test_protocol" name="test_final_audit_empty_nonces_valid" time="0.001" /><testcase classname="agent.tests.test_protocol" name="test_abort_requires_reason" time="0.002" /><testcase classname="agent.tests.test_protocol" name="test_game_end_requires_reason" time="0.003" /><testcase classname="agent.tests.test_protocol" name="test_action_rejects_invalid_signature" time="0.002" /><testcase classname="agent.tests.test_protocol" name="test_action_accepts_valid_signature" time="0.002" /><testcase classname="agent.tests.test_protocol" name="test_action_rejects_bad_json" time="0.002" /><testcase classname="agent.tests.test_protocol" name="test_commit_then_reveal_success" time="0.002" /><testcase classname="agent.tests.test_protocol" name="test_wrong_move_fails_commit_verification" time="0.001" /><testcase classname="agent.tests.test_protocol" name="test_wrong_hint_fails_commit_verification" time="0.002" /><testcase classname="agent.tests.test_protocol" name="test_wrong_nonce_fails_final_audit" time="0.002" /><testcase classname="agent.tests.test_protocol" name="test_canonical_json_deterministic" time="0.002" /><testcase classname="agent.tests.test_report_manager" name="test_manager_runs_all_plugins" time="0.008" /><testcase classname="agent.tests.test_report_manager" name="test_manager_isolates_failures" time="0.007" /><testcase classname="agent.tests.test_report_manager" name="test_manager_empty_plugins" time="0.007" /><testcase classname="agent.tests.test_report_manager" name="test_manager_len" time="0.003" /><testcase classname="agent.tests.test_reports_base" name="test_report_context_frozen" time="0.003" /><testcase classname="agent.tests.test_reports_base" name="test_report_result_ok_true" time="0.002" /><testcase classname="agent.tests.test_reports_base" name="test_report_result_ok_false_with_error" time="0.001" /><testcase classname="agent.tests.test_reports_base" name="test_report_result_ok_false_without_error" time="0.002" /><testcase classname="agent.tests.test_reports_base" name="test_report_context_with_metadata" time="0.002" /></testsuite></testsuites>